#
# A fatal error has been detected by the Java Runtime Environment:
#
#  Internal Error (os_windows_x86.cpp:114), pid=3696, tid=3968
#  Error: guarantee(result == -1,"Unexpected result from topLevelExceptionFilter")
#
# JRE version: 6.0_17-b04
# Java VM: Java HotSpot(TM) 64-Bit Server VM (14.3-b01 mixed mode windows-amd64 )
# If you would like to submit a bug report, please visit:
#   http://java.sun.com/webapps/bugreport/crash.jsp
# The crash happened outside the Java Virtual Machine in native code.
# See problematic frame for where to report the bug.
#

---------------  T H R E A D  ---------------

Current thread (0x00000000055c4000):  JavaThread "main" [_thread_in_native, id=3968, stack(0x0000000000220000,0x0000000004220000)]

Stack: [0x0000000000220000,0x0000000004220000]
[error occurred during error reporting (printing stack bounds), id 0xc0000005]

Java frames: (J=compiled Java code, j=interpreted, Vv=VM code)
j  com.mathworks.jmi.NativeMatlab.ProcessPendingEvents()Z+0
j  com.mathworks.jmi.NativeMatlab.processPendingEvents()Z+8
j  com.mathworks.jmi.Matlab$ProcessPendingEvents.callBooleanMethod(Ljava/lang/Object;)Z+0
j  com.mathworks.util.FactoryUtils.processPendingEvents()Z+12
j  com.mathworks.widgets.desk.Desktop.canClose()Z+38
j  com.mathworks.mde.desk.MLDesktop.canClose()Z+113
j  com.mathworks.mde.desk.MLDesktop$2.call()Ljava/lang/Boolean;+4
j  com.mathworks.mde.desk.MLDesktop$2.call()Ljava/lang/Object;+1
j  com.mathworks.jmi.Matlab.isOkToExit()Z+54
v  ~StubRoutines::call_stub
j  com.mathworks.jmi.NativeMatlab.SendMatlabMessage(Ljava/lang/Object;)Ljava/lang/Object;+0
j  com.mathworks.jmi.NativeMatlab.sendMatlabMessage(Ljava/lang/Object;)Ljava/lang/Object;+22
j  com.mathworks.jmi.MatlabLooper.sendMatlabMessage(Lcom/mathworks/services/message/MWMessage;)Ljava/lang/Object;+20
j  com.mathworks.jmi.Matlab.mtFevalConsoleOutput(Ljava/lang/String;[Ljava/lang/Object;I)Ljava/lang/Object;+58
j  com.mathworks.mde.desk.MLDesktop$9.run()V+14
j  com.mathworks.jmi.NativeMatlab.dispatchMTRequests(Z)V+57
v  ~StubRoutines::call_stub

---------------  P R O C E S S  ---------------

Java Threads: ( => current thread )
  0x0000000009290000 JavaThread "Image Fetcher 0" daemon [_thread_blocked, id=3420, stack(0x000000000c760000,0x000000000c7e0000)]
  0x000000000928c800 JavaThread "Prefs Updater" daemon [_thread_blocked, id=3092, stack(0x000000000c2d0000,0x000000000c350000)]
  0x0000000009294800 JavaThread "Timer-InstrumentReadWritePoll" [_thread_blocked, id=740, stack(0x00000000338d0000,0x0000000033950000)]
  0x0000000009291000 JavaThread "Timer-3" [_thread_blocked, id=5680, stack(0x0000000015090000,0x0000000015110000)]
  0x000000000928e800 JavaThread "Active Reference Queue Daemon" daemon [_thread_blocked, id=2444, stack(0x000000000fe10000,0x000000000fe90000)]
  0x000000000928e000 JavaThread "Timer-2" daemon [_thread_blocked, id=3016, stack(0x000000000fec0000,0x000000000ff40000)]
  0x000000000928d000 JavaThread "Timer-1" daemon [_thread_blocked, id=5588, stack(0x000000000b530000,0x000000000b5b0000)]
  0x000000000928c000 JavaThread "TimerQueue" daemon [_thread_blocked, id=5852, stack(0x000000000fc30000,0x000000000fcb0000)]
  0x0000000009f84800 JavaThread "FelixPackageAdmin" daemon [_thread_blocked, id=4668, stack(0x000000000b090000,0x000000000b110000)]
  0x00000000092a3000 JavaThread "FelixStartLevel" daemon [_thread_blocked, id=4828, stack(0x0000000008a60000,0x0000000008ae0000)]
  0x0000000008cb8000 JavaThread "FelixDispatchQueue" daemon [_thread_blocked, id=5156, stack(0x000000000b210000,0x000000000b290000)]
  0x00000000091b6800 JavaThread "AWT-EventQueue-0" [_thread_blocked, id=4168, stack(0x000000000ad50000,0x000000000add0000)]
  0x00000000088cf800 JavaThread "com.google.common.base.internal.Finalizer" daemon [_thread_blocked, id=4448, stack(0x000000000abb0000,0x000000000ac30000)]
  0x00000000088b5800 JavaThread "AWT-Windows" daemon [_thread_in_native, id=4760, stack(0x000000000ade0000,0x000000000ae60000)]
  0x00000000088b5000 JavaThread "AWT-Shutdown" [_thread_blocked, id=4880, stack(0x000000000aa60000,0x000000000aae0000)]
  0x00000000092b9000 JavaThread "Java2D Disposer" daemon [_thread_blocked, id=2944, stack(0x000000000ab20000,0x000000000aba0000)]
  0x00000000099bb000 JavaThread "Timer-0" [_thread_blocked, id=4908, stack(0x000000000a830000,0x000000000a8b0000)]
  0x00000000099be000 JavaThread "EventMgr Dispatcher" daemon [_thread_in_native, id=5424, stack(0x000000001d230000,0x0000000021230000)]
  0x00000000088a1800 JavaThread "Low Memory Detector" daemon [_thread_blocked, id=5384, stack(0x0000000008ae0000,0x0000000008b60000)]
  0x000000000889a000 JavaThread "CompilerThread1" daemon [_thread_blocked, id=6124, stack(0x0000000061fa0000,0x0000000065fa0000)]
  0x0000000008893800 JavaThread "CompilerThread0" daemon [_thread_blocked, id=4572, stack(0x000000005df10000,0x0000000061f10000)]
  0x000000000888e800 JavaThread "Attach Listener" daemon [_thread_blocked, id=2504, stack(0x0000000008b90000,0x0000000008c10000)]
  0x000000000883a000 JavaThread "Finalizer" daemon [_thread_blocked, id=6068, stack(0x0000000007d10000,0x0000000007d90000)]
  0x0000000008833800 JavaThread "Reference Handler" daemon [_thread_blocked, id=4564, stack(0x00000000089c0000,0x0000000008a40000)]
=>0x00000000055c4000 JavaThread "main" [_thread_in_native, id=3968, stack(0x0000000000220000,0x0000000004220000)]

Other Threads:
  0x000000000567f000 VMThread [stack: 0x0000000059e20000,0x000000005de20000] [id=5040]
  0x00000000088d5000 WatcherThread [stack: 0x0000000065fc0000,0x0000000069fc0000] [id=188]

VM state:not at safepoint (normal execution)

VM Mutex/Monitor currently owned by a thread: None

Heap
 PSYoungGen      total 15424K, used 9720K [0x00000000468b0000, 0x00000000478b0000, 0x00000000499b0000)
  eden space 14528K, 63% used [0x00000000468b0000,0x00000000471a61d0,0x00000000476e0000)
  from space 896K, 60% used [0x00000000476e0000,0x0000000047768000,0x00000000477c0000)
  to   space 896K, 0% used [0x00000000477d0000,0x00000000477d0000,0x00000000478b0000)
 PSOldGen        total 56064K, used 55084K [0x000000003d5b0000, 0x0000000040c70000, 0x00000000468b0000)
  object space 56064K, 98% used [0x000000003d5b0000,0x0000000040b7b208,0x0000000040c70000)
 PSPermGen       total 90176K, used 59590K [0x00000000355b0000, 0x000000003adc0000, 0x000000003d5b0000)
  object space 90176K, 66% used [0x00000000355b0000,0x0000000038fe1be8,0x000000003adc0000)

Dynamic libraries:
0x000000013f880000 - 0x000000013f8b2000 	C:\Program Files\MATLAB\R2012a\bin\win64\MATLAB.exe
0x0000000077b80000 - 0x0000000077d29000 	C:\Windows\SYSTEM32\ntdll.dll
0x0000000077a60000 - 0x0000000077b7f000 	C:\Windows\system32\kernel32.dll
0x000007fefe320000 - 0x000007fefe38c000 	C:\Windows\system32\KERNELBASE.dll
0x0000000074460000 - 0x0000000074554000 	C:\Program Files\MATLAB\R2012a\bin\win64\libut.dll
0x00000000758a0000 - 0x0000000075952000 	C:\Program Files\MATLAB\R2012a\bin\win64\libmwi18n.dll
0x0000000180000000 - 0x000000018000b000 	C:\Program Files\MATLAB\R2012a\bin\win64\libmwresource_core.dll
0x00000000751d0000 - 0x00000000752a3000 	C:\Windows\WinSxS\amd64_microsoft.vc90.crt_1fc8b3b9a1e18e3b_9.0.30729.4940_none_08e4299fa83d7e3c\MSVCP90.dll
0x00000000752b0000 - 0x000000007534d000 	C:\Windows\WinSxS\amd64_microsoft.vc90.crt_1fc8b3b9a1e18e3b_9.0.30729.4940_none_08e4299fa83d7e3c\MSVCR90.dll
0x000000007a170000 - 0x000000007a19c000 	C:\Program Files\MATLAB\R2012a\bin\win64\boost_filesystem-vc90-mt-1_44.dll
0x000000007a560000 - 0x000000007a569000 	C:\Program Files\MATLAB\R2012a\bin\win64\boost_system-vc90-mt-1_44.dll
0x000007feff260000 - 0x000007feff33b000 	C:\Windows\system32\ADVAPI32.dll
0x000007feffbd0000 - 0x000007feffc6f000 	C:\Windows\system32\msvcrt.dll
0x000007fefe410000 - 0x000007fefe42f000 	C:\Windows\SYSTEM32\sechost.dll
0x000007feffd60000 - 0x000007feffe8d000 	C:\Windows\system32\RPCRT4.dll
0x000000007a010000 - 0x000000007a035000 	C:\Program Files\MATLAB\R2012a\bin\win64\LIBEXPAT.dll
0x000000006f0b0000 - 0x000000006f2a1000 	C:\Program Files\MATLAB\R2012a\bin\win64\icuin44.dll
0x0000000071a10000 - 0x0000000071b81000 	C:\Program Files\MATLAB\R2012a\bin\win64\icuuc44.dll
0x0000000010000000 - 0x0000000010e41000 	C:\Program Files\MATLAB\R2012a\bin\win64\icudt44.dll
0x0000000073f70000 - 0x00000000740ad000 	C:\Program Files\MATLAB\R2012a\bin\win64\libmwfl.dll
0x0000000004250000 - 0x0000000004546000 	C:\Program Files\MATLAB\R2012a\bin\win64\libmwMATLAB_res.dll
0x000000007a3b0000 - 0x000000007a3c0000 	C:\Program Files\MATLAB\R2012a\bin\win64\boost_date_time-vc90-mt-1_44.dll
0x000000007a250000 - 0x000000007a263000 	C:\Program Files\MATLAB\R2012a\bin\win64\boost_signals-vc90-mt-1_44.dll
0x000000007a2d0000 - 0x000000007a2e2000 	C:\Program Files\MATLAB\R2012a\bin\win64\boost_thread-vc90-mt-1_44.dll
0x0000000004590000 - 0x00000000045d6000 	C:\Program Files\MATLAB\R2012a\bin\win64\tbb.dll
0x000007feff9f0000 - 0x000007feffa09000 	C:\Windows\system32\imagehlp.dll
0x0000000077d40000 - 0x0000000077d47000 	C:\Windows\system32\PSAPI.DLL
0x00000000719f0000 - 0x0000000071a03000 	C:\Program Files\MATLAB\R2012a\bin\win64\icuio44.dll
0x000007feecf60000 - 0x000007feed085000 	C:\Windows\system32\dbghelp.dll
0x0000000077750000 - 0x000000007784a000 	C:\Windows\system32\USER32.dll
0x000007feff980000 - 0x000007feff9e7000 	C:\Windows\system32\GDI32.dll
0x000007feff790000 - 0x000007feff79e000 	C:\Windows\system32\LPK.dll
0x000007feff340000 - 0x000007feff409000 	C:\Windows\system32\USP10.dll
0x000000007bed0000 - 0x000000007c183000 	C:\Program Files\MATLAB\R2012a\bin\win64\libmwservices.dll
0x0000000075a20000 - 0x0000000075ae2000 	C:\Program Files\MATLAB\R2012a\bin\win64\libmx.dll
0x000000007a210000 - 0x000000007a228000 	C:\Program Files\MATLAB\R2012a\bin\win64\zlib1.dll
0x0000000004630000 - 0x0000000004651000 	C:\Program Files\MATLAB\R2012a\bin\win64\libmwmfl_scalar.dll
0x0000000075f10000 - 0x0000000075f5d000 	C:\Program Files\MATLAB\R2012a\bin\win64\mpath.dll
0x000000007b680000 - 0x000000007bbe1000 	C:\Program Files\MATLAB\R2012a\bin\win64\mlutil.dll
0x000000006f030000 - 0x000000006f0af000 	C:\Program Files\MATLAB\R2012a\bin\win64\xmlcore.dll
0x000000007bc30000 - 0x000000007be83000 	C:\Program Files\MATLAB\R2012a\bin\win64\xerces-c_2_7.dll
0x000007feffc70000 - 0x000007feffcbd000 	C:\Windows\system32\WS2_32.dll
0x000007feff410000 - 0x000007feff418000 	C:\Windows\system32\NSI.dll
0x00000000046b0000 - 0x00000000046ca000 	C:\Program Files\MATLAB\R2012a\bin\win64\libmwMATLAB_settings_res.dll
0x00000000046e0000 - 0x0000000004727000 	C:\Program Files\MATLAB\R2012a\bin\win64\boost_serialization-vc90-mt-1_44.dll
0x000007fefe4d0000 - 0x000007feff258000 	C:\Windows\system32\SHELL32.dll
0x000007feff420000 - 0x000007feff491000 	C:\Windows\system32\SHLWAPI.dll
0x000007fef9290000 - 0x000007fef9330000 	C:\Windows\WinSxS\amd64_microsoft.windows.common-controls_6595b64144ccf1df_5.82.7601.17514_none_a4d6a923711520a9\COMCTL32.dll
0x000007feffcc0000 - 0x000007feffd57000 	C:\Windows\system32\COMDLG32.dll
0x000007fefd420000 - 0x000007fefd436000 	C:\Windows\system32\NETAPI32.dll
0x000007fefd410000 - 0x000007fefd41c000 	C:\Windows\system32\netutils.dll
0x000007fefdb10000 - 0x000007fefdb33000 	C:\Windows\system32\srvcli.dll
0x000007fefd3f0000 - 0x000007fefd405000 	C:\Windows\system32\wkscli.dll
0x000007feff580000 - 0x000007feff783000 	C:\Windows\system32\ole32.dll
0x000007feff4a0000 - 0x000007feff577000 	C:\Windows\system32\OLEAUT32.dll
0x0000000074970000 - 0x0000000074b06000 	C:\Program Files\MATLAB\R2012a\bin\win64\mcr.dll
0x0000000004750000 - 0x0000000004abb000 	C:\Program Files\MATLAB\R2012a\bin\win64\iqm.dll
0x000000006e800000 - 0x000000006f021000 	C:\Program Files\MATLAB\R2012a\bin\win64\m_interpreter.dll
0x000000006e7d0000 - 0x000000006e7f5000 	C:\Program Files\MATLAB\R2012a\bin\win64\libmex.dll
0x000000006e710000 - 0x000000006e7c3000 	C:\Program Files\MATLAB\R2012a\bin\win64\m_dispatcher.dll
0x0000000074880000 - 0x000000007496d000 	C:\Program Files\MATLAB\R2012a\bin\win64\boost_regex-vc90-mt-1_44.dll
0x000000006e680000 - 0x000000006e704000 	C:\Program Files\MATLAB\R2012a\bin\win64\profiler.dll
0x0000000004b20000 - 0x0000000004d75000 	C:\Program Files\MATLAB\R2012a\bin\win64\libmwmathutil.dll
0x0000000079f40000 - 0x0000000079f6d000 	C:\Program Files\MATLAB\R2012a\bin\win64\libmwmathrng.dll
0x0000000074c10000 - 0x0000000074ced000 	C:\Program Files\MATLAB\R2012a\bin\win64\libmwmathcore.dll
0x0000000076160000 - 0x00000000761cb000 	C:\Program Files\MATLAB\R2012a\bin\win64\libmwspmatrix.dll
0x0000000075ea0000 - 0x0000000075f02000 	C:\Program Files\MATLAB\R2012a\bin\win64\libmwcholmod.dll
0x000000007a460000 - 0x000000007a46d000 	C:\Program Files\MATLAB\R2012a\bin\win64\libmwamd.dll
0x000000007a4b0000 - 0x000000007a4bc000 	C:\Program Files\MATLAB\R2012a\bin\win64\libmwcolamd.dll
0x000000006e660000 - 0x000000006e679000 	C:\Program Files\MATLAB\R2012a\bin\win64\libmwblas.dll
0x000000006e640000 - 0x000000006e652000 	C:\Program Files\MATLAB\R2012a\bin\win64\libmwbinder.dll
0x000000006e630000 - 0x000000006e63b000 	C:\Program Files\MATLAB\R2012a\bin\win64\libmwompwrapper.dll
0x000000006e5a0000 - 0x000000006e626000 	C:\Program Files\MATLAB\R2012a\bin\win64\libmwlapack.dll
0x000000006e570000 - 0x000000006e591000 	C:\Program Files\MATLAB\R2012a\bin\win64\m_pcodeio.dll
0x0000000079b10000 - 0x0000000079b77000 	C:\Program Files\MATLAB\R2012a\bin\win64\m_ir.dll
0x000000006df20000 - 0x000000006e570000 	C:\Program Files\MATLAB\R2012a\bin\win64\m_parser.dll
0x000000006df00000 - 0x000000006df1a000 	C:\Program Files\MATLAB\R2012a\bin\win64\ir_xfmr.dll
0x000000006dc80000 - 0x000000006def9000 	C:\Program Files\MATLAB\R2012a\bin\win64\mcos.dll
0x000000006dc70000 - 0x000000006dc7c000 	C:\Program Files\MATLAB\R2012a\bin\win64\mtok.dll
0x000000006dc30000 - 0x000000006dc61000 	C:\Program Files\MATLAB\R2012a\bin\win64\m_pcodegen.dll
0x0000000079fb0000 - 0x0000000079fe7000 	C:\Program Files\MATLAB\R2012a\bin\win64\libmwbridge.dll
0x000000006db60000 - 0x000000006dc28000 	C:\Program Files\MATLAB\R2012a\bin\win64\udd.dll
0x000000006da00000 - 0x000000006db52000 	C:\Program Files\MATLAB\R2012a\bin\win64\libmwgui.dll
0x000000006d9e0000 - 0x000000006d9f7000 	C:\Program Files\MATLAB\R2012a\bin\win64\graphics_util.dll
0x000000006d030000 - 0x000000006d9d3000 	C:\Program Files\MATLAB\R2012a\bin\win64\hg.dll
0x0000000004ef0000 - 0x0000000004f57000 	C:\Program Files\MATLAB\R2012a\bin\win64\libmat.dll
0x0000000072d30000 - 0x0000000072f44000 	C:\Program Files\MATLAB\R2012a\bin\win64\hdf5dll.dll
0x0000000075710000 - 0x00000000757c1000 	C:\Program Files\MATLAB\R2012a\bin\win64\jmi.dll
0x0000000004f90000 - 0x0000000004f9e000 	C:\Program Files\MATLAB\R2012a\bin\win64\nativejava_services.dll
0x000000006cfe0000 - 0x000000006d022000 	C:\Program Files\MATLAB\R2012a\bin\win64\libmwhardcopy.dll
0x000000006cf80000 - 0x000000006cfda000 	C:\Program Files\MATLAB\R2012a\bin\win64\libuij.dll
0x000000006cd70000 - 0x000000006cf7c000 	C:\Program Files\MATLAB\R2012a\bin\win64\hgdatatypes.dll
0x000000006cc70000 - 0x000000006cd6d000 	C:\Program Files\MATLAB\R2012a\bin\win64\hgutils.dll
0x000000006cbb0000 - 0x000000006cc6d000 	C:\Program Files\MATLAB\R2012a\bin\win64\udd_mi.dll
0x0000000005000000 - 0x000000000503b000 	C:\Program Files\MATLAB\R2012a\bin\win64\libmwgbtutils.dll
0x0000000005050000 - 0x0000000005069000 	C:\Program Files\MATLAB\R2012a\bin\win64\libmwgbt.dll
0x0000000005080000 - 0x000000000534a000 	C:\Program Files\MATLAB\R2012a\bin\win64\uiw.dll
0x000000006cba0000 - 0x000000006cbaf000 	C:\Program Files\MATLAB\R2012a\bin\win64\uinone.dll
0x000007fef8b70000 - 0x000007fef8b88000 	C:\Windows\system32\MPR.dll
0x000000006c6b0000 - 0x000000006cb94000 	C:\Windows\WinSxS\amd64_microsoft.vc90.mfc_1fc8b3b9a1e18e3b_9.0.30729.4148_none_04480933ab2137b1\mfc90.dll
0x000007fefa5b0000 - 0x000007fefa5b7000 	C:\Windows\system32\MSIMG32.dll
0x000007fef89e0000 - 0x000007fef8a51000 	C:\Windows\system32\WINSPOOL.DRV
0x000000006c690000 - 0x000000006c6b0000 	C:\Program Files\MATLAB\R2012a\bin\win64\mwoles05.DLL
0x000000006c610000 - 0x000000006c68c000 	C:\Program Files\MATLAB\R2012a\bin\win64\comcli.dll
0x00000000751a0000 - 0x00000000751cf000 	C:\Windows\WinSxS\amd64_microsoft.vc90.atl_1fc8b3b9a1e18e3b_9.0.30729.4148_none_0a1d2fcba76b3f00\ATL90.DLL
0x000000006c600000 - 0x000000006c60c000 	C:\Program Files\MATLAB\R2012a\bin\win64\mlautoregister.dll
0x00000000053a0000 - 0x00000000053b0000 	C:\Program Files\MATLAB\R2012a\bin\win64\boost_iostreams-vc90-mt-1_44.dll
0x000007feffa10000 - 0x000007feffa3e000 	C:\Windows\system32\IMM32.DLL
0x000007feffac0000 - 0x000007feffbc9000 	C:\Windows\system32\MSCTF.dll
0x00000000053e0000 - 0x00000000053ea000 	C:\Windows\KATRK64.DLL
0x000007fefd030000 - 0x000007fefd041000 	C:\Windows\system32\WTSAPI32.dll
0x000007fefc860000 - 0x000007fefc8b6000 	C:\Windows\system32\UxTheme.dll
0x000007fefbd60000 - 0x000007fefbd78000 	C:\Windows\system32\dwmapi.dll
0x000000006c5e0000 - 0x000000006c5ed000 	C:\Windows\WinSxS\amd64_microsoft.vc90.mfcloc_1fc8b3b9a1e18e3b_9.0.30729.4148_none_01c6b44660ce74c3\MFC90ENU.DLL
0x0000000005410000 - 0x0000000005439000 	C:\Program Files\MATLAB\R2012a\bin\win64\tbbmalloc.dll
0x000007fefdfe0000 - 0x000007fefdfef000 	C:\Windows\system32\profapi.dll
0x000007fefbea0000 - 0x000007fefbeaf000 	C:\Program Files\MATLAB\R2012a\bin\win64\xmlxrcsc.dll
0x000007fefded0000 - 0x000007fefdedf000 	C:\Windows\system32\CRYPTBASE.dll
0x000007fefca40000 - 0x000007fefcc34000 	C:\Windows\WinSxS\amd64_microsoft.windows.common-controls_6595b64144ccf1df_6.0.7601.17514_none_fa396087175ac9ac\comctl32.dll
0x000007feff7a0000 - 0x000007feff977000 	C:\Windows\system32\SETUPAPI.dll
0x000007fefe240000 - 0x000007fefe276000 	C:\Windows\system32\CFGMGR32.dll
0x000007fefe390000 - 0x000007fefe3aa000 	C:\Windows\system32\DEVOBJ.dll
0x000007fefe430000 - 0x000007fefe4c9000 	C:\Windows\system32\CLBCatQ.DLL
0x000007fefc8c0000 - 0x000007fefc9ec000 	C:\Windows\system32\propsys.dll
0x000007fefc340000 - 0x000007fefc36d000 	C:\Windows\system32\ntmarta.dll
0x000007fefe3b0000 - 0x000007fefe402000 	C:\Windows\system32\WLDAP32.dll
0x0000000078870000 - 0x0000000078ecd000 	C:\Program Files\MATLAB\R2012a\sys\java\jre\win64\jre\bin\server\jvm.dll
0x000007fefaaa0000 - 0x000007fefaadb000 	C:\Windows\system32\WINMM.dll

VM Arguments:
jvm_args: -Xss512k -XX:PermSize=32m -Xms64m -XX:NewRatio=3 -XX:MaxPermSize=128m -Xmx196m -XX:MaxDirectMemorySize=2147400000 -Dsun.java2d.noddraw=true -Dsun.awt.nopixfmt=true -Xshare:off -Xrs -Dsun.awt.disableMixing=true -Djava.library.path=C:\Program Files\MATLAB\R2012a\bin\win64 vfprintf abort 
java_command: <unknown>
Launcher Type: generic

Environment Variables:
PATH=C:\Program Files\Common Files\Microsoft Shared\Windows Live;C:\Program Files (x86)\Common Files\Microsoft Shared\Windows Live;C:\Windows\system32;C:\Windows;C:\Windows\System32\Wbem;C:\Windows\System32\WindowsPowerShell\v1.0\;c:\Program Files (x86)\ATI Technologies\ATI.ACE\Core-Static;C:\Program Files (x86)\Intel\Services\IPT\;C:\Program Files (x86)\NTRU Cryptosystems\NTRU TCG Software Stack\bin\;C:\Program Files\NTRU Cryptosystems\NTRU TCG Software Stack\bin\;C:\Program Files\Dell\Dell Data Protection\Access\Advanced\Wave\Gemalto\Access Client\v5\;C:\Program Files (x86)\Windows Live\Shared;C:\Program Files (x86)\Common Files\Roxio Shared\DLLShared\;C:\Program Files (x86)\Common Files\Roxio Shared\OEM\DLLShared\;C:\Program Files (x86)\Common Files\Roxio Shared\OEM\DLLShared\;C:\Program Files (x86)\Common Files\Roxio Shared\OEM\12.0\DLLShared\;C:\Program Files (x86)\Roxio\OEM\AudioCore\;C:\Program Files\MATLAB\R2012a\runtime\win64;C:\Program Files\MATLAB\R2012a\bin;c:\Program Files (x86)\Microsoft SQL Server\100\Tools\Binn\;c:\Program Files\Microsoft SQL Server\100\Tools\Binn\;c:\Program Files\Microsoft SQL Server\100\DTS\Binn\
USERNAME=OMNICAdmin
OS=Windows_NT
PROCESSOR_IDENTIFIER=Intel64 Family 6 Model 42 Stepping 7, GenuineIntel



---------------  S Y S T E M  ---------------

OS: Windows 7 Build 7601 Service Pack 1

CPU:total 4 (8 cores per cpu, 2 threads per core) family 6 model 42 stepping 7, cmov, cx8, fxsr, mmx, sse, sse2, sse3, ssse3, sse4.1, sse4.2, ht

Memory: 4k page, physical 8344472k(5873132k free), swap 16687092k(13870228k free)

vm_info: Java HotSpot(TM) 64-Bit Server VM (14.3-b01) for windows-amd64 JRE (1.6.0_17-b04), built on Oct 11 2009 00:46:08 by "java_re" with MS VC++ 8.0

time: Wed Jun 20 15:06:03 2012
elapsed time: 2519 seconds

