#
# A fatal error has been detected by the Java Runtime Environment:
#
#  Internal Error (os_windows_x86.cpp:114), pid=2784, tid=1828
#  Error: guarantee(result == -1,"Unexpected result from topLevelExceptionFilter")
#
# JRE version: 6.0_17-b04
# Java VM: Java HotSpot(TM) 64-Bit Server VM (14.3-b01 mixed mode windows-amd64 )
# If you would like to submit a bug report, please visit:
#   http://java.sun.com/webapps/bugreport/crash.jsp
# The crash happened outside the Java Virtual Machine in native code.
# See problematic frame for where to report the bug.
#

---------------  T H R E A D  ---------------

Current thread (0x00000000055a4000):  JavaThread "main" [_thread_in_native, id=1828, stack(0x0000000000140000,0x0000000004140000)]

Stack: [0x0000000000140000,0x0000000004140000]
[error occurred during error reporting (printing stack bounds), id 0xc0000005]

Java frames: (J=compiled Java code, j=interpreted, Vv=VM code)
j  com.mathworks.jmi.NativeMatlab.ProcessPendingEvents()Z+0
j  com.mathworks.jmi.NativeMatlab.processPendingEvents()Z+8
j  com.mathworks.jmi.Matlab$ProcessPendingEvents.callBooleanMethod(Ljava/lang/Object;)Z+0
j  com.mathworks.util.FactoryUtils.processPendingEvents()Z+12
j  com.mathworks.widgets.desk.Desktop.canClose()Z+38
j  com.mathworks.mde.desk.MLDesktop.canClose()Z+113
j  com.mathworks.mde.desk.MLDesktop$2.call()Ljava/lang/Boolean;+4
j  com.mathworks.mde.desk.MLDesktop$2.call()Ljava/lang/Object;+1
j  com.mathworks.jmi.Matlab.isOkToExit()Z+54
v  ~StubRoutines::call_stub
j  com.mathworks.jmi.NativeMatlab.SendMatlabMessage(Ljava/lang/Object;)Ljava/lang/Object;+0
j  com.mathworks.jmi.NativeMatlab.sendMatlabMessage(Ljava/lang/Object;)Ljava/lang/Object;+22
j  com.mathworks.jmi.MatlabLooper.sendMatlabMessage(Lcom/mathworks/services/message/MWMessage;)Ljava/lang/Object;+20
j  com.mathworks.jmi.Matlab.mtFevalConsoleOutput(Ljava/lang/String;[Ljava/lang/Object;I)Ljava/lang/Object;+58
j  com.mathworks.mde.desk.MLDesktop$9.run()V+14
j  com.mathworks.jmi.NativeMatlab.dispatchMTRequests(Z)V+57
v  ~StubRoutines::call_stub

---------------  P R O C E S S  ---------------

Java Threads: ( => current thread )
  0x0000000008e71000 JavaThread "Timer queue for AWT thread" daemon [_thread_blocked, id=2144, stack(0x0000000016ca0000,0x0000000016d20000)]
  0x0000000008e78800 JavaThread "Code Analyzer updating thread" [_thread_blocked, id=5636, stack(0x0000000015310000,0x0000000015390000)]
  0x0000000008e79800 JavaThread "Timer-InstrumentReadWritePoll" [_thread_blocked, id=5724, stack(0x000000000c380000,0x000000000c400000)]
  0x0000000008e75000 JavaThread "Code Analyzer updating thread" [_thread_blocked, id=1088, stack(0x0000000032ae0000,0x0000000032b60000)]
  0x0000000008e6d000 JavaThread "Prefs Updater" daemon [_thread_blocked, id=2984, stack(0x000000000fd80000,0x000000000fe00000)]
  0x0000000008e76000 JavaThread "Foxtrot Single Worker Thread #1" daemon [_thread_blocked, id=5076, stack(0x0000000015150000,0x00000000151d0000)]
  0x0000000008e74800 JavaThread "Code Analyzer updating thread" [_thread_blocked, id=5444, stack(0x0000000049d60000,0x0000000049de0000)]
  0x0000000008e73800 JavaThread "Code Analyzer updating thread" [_thread_blocked, id=1768, stack(0x00000000317b0000,0x0000000031830000)]
  0x0000000008e73000 JavaThread "Code Analyzer updating thread" [_thread_blocked, id=6044, stack(0x000000002d6d0000,0x000000002d750000)]
  0x0000000008e72000 JavaThread "Code Analyzer updating thread" [_thread_blocked, id=4008, stack(0x0000000029550000,0x00000000295d0000)]
  0x0000000008e71800 JavaThread "Timer-3" [_thread_blocked, id=3972, stack(0x0000000015090000,0x0000000015110000)]
  0x0000000008e70000 JavaThread "Code Analyzer updating thread" [_thread_blocked, id=3952, stack(0x000000000fe60000,0x000000000fee0000)]
  0x0000000008e6f800 JavaThread "Active Reference Queue Daemon" daemon [_thread_blocked, id=2800, stack(0x0000000010f70000,0x0000000010ff0000)]
  0x0000000008e6e800 JavaThread "Timer-2" daemon [_thread_blocked, id=4588, stack(0x0000000010e70000,0x0000000010ef0000)]
  0x0000000008e6e000 JavaThread "Timer-1" daemon [_thread_blocked, id=3348, stack(0x000000000ff30000,0x000000000ffb0000)]
  0x0000000008e6c800 JavaThread "TimerQueue" daemon [_thread_blocked, id=4768, stack(0x000000000f8f0000,0x000000000f970000)]
  0x0000000008e06000 JavaThread "FelixPackageAdmin" daemon [_thread_blocked, id=1252, stack(0x000000000b240000,0x000000000b2c0000)]
  0x0000000009303800 JavaThread "FelixStartLevel" daemon [_thread_blocked, id=5776, stack(0x000000000b590000,0x000000000b610000)]
  0x0000000008da1800 JavaThread "FelixDispatchQueue" daemon [_thread_blocked, id=6028, stack(0x000000000b160000,0x000000000b1e0000)]
  0x000000000940c800 JavaThread "AWT-EventQueue-0" [_thread_in_Java, id=5372, stack(0x000000000ad70000,0x000000000adf0000)]
  0x0000000009e94000 JavaThread "com.google.common.base.internal.Finalizer" daemon [_thread_blocked, id=360, stack(0x000000000b080000,0x000000000b100000)]
  0x00000000092a3000 JavaThread "AWT-Windows" daemon [_thread_in_native, id=5928, stack(0x000000000ae40000,0x000000000aec0000)]
  0x00000000092a2800 JavaThread "AWT-Shutdown" [_thread_blocked, id=5576, stack(0x000000000ab50000,0x000000000abd0000)]
  0x0000000009f74000 JavaThread "Java2D Disposer" daemon [_thread_blocked, id=1248, stack(0x000000000ace0000,0x000000000ad60000)]
  0x00000000092b5800 JavaThread "Timer-0" [_thread_blocked, id=4716, stack(0x000000000a9c0000,0x000000000aa40000)]
  0x0000000009b7c000 JavaThread "EventMgr Dispatcher" daemon [_thread_in_native, id=6096, stack(0x000000001d2a0000,0x00000000212a0000)]
  0x00000000088d4000 JavaThread "Low Memory Detector" daemon [_thread_blocked, id=3592, stack(0x0000000008aa0000,0x0000000008b20000)]
  0x00000000088cc800 JavaThread "CompilerThread1" daemon [_thread_blocked, id=3716, stack(0x00000000628d0000,0x00000000668d0000)]
  0x00000000088c6800 JavaThread "CompilerThread0" daemon [_thread_blocked, id=4284, stack(0x000000005e730000,0x0000000062730000)]
  0x00000000088c4000 JavaThread "Attach Listener" daemon [_thread_blocked, id=2836, stack(0x0000000008cb0000,0x0000000008d30000)]
  0x0000000008864800 JavaThread "Finalizer" daemon [_thread_blocked, id=1532, stack(0x0000000008bc0000,0x0000000008c40000)]
  0x0000000008863800 JavaThread "Reference Handler" daemon [_thread_blocked, id=5692, stack(0x0000000008a10000,0x0000000008a90000)]
=>0x00000000055a4000 JavaThread "main" [_thread_in_native, id=1828, stack(0x0000000000140000,0x0000000004140000)]

Other Threads:
  0x000000000565f000 VMThread [stack: 0x000000005a560000,0x000000005e560000] [id=4744]
  0x0000000008900000 WatcherThread [stack: 0x0000000068490000,0x000000006c490000] [id=4628]

VM state:not at safepoint (normal execution)

VM Mutex/Monitor currently owned by a thread: None

Heap
 PSYoungGen      total 15936K, used 4591K [0x0000000046c40000, 0x0000000047c40000, 0x0000000049d40000)
  eden space 15488K, 26% used [0x0000000046c40000,0x0000000047051fc8,0x0000000047b60000)
  from space 448K, 94% used [0x0000000047b60000,0x0000000047bc9ce8,0x0000000047bd0000)
  to   space 448K, 0% used [0x0000000047bd0000,0x0000000047bd0000,0x0000000047c40000)
 PSOldGen        total 62784K, used 57987K [0x000000003d940000, 0x0000000041690000, 0x0000000046c40000)
  object space 62784K, 92% used [0x000000003d940000,0x00000000411e0eb0,0x0000000041690000)
 PSPermGen       total 109632K, used 63107K [0x0000000035940000, 0x000000003c450000, 0x000000003d940000)
  object space 109632K, 57% used [0x0000000035940000,0x00000000396e0da8,0x000000003c450000)

Dynamic libraries:
0x000000013ff00000 - 0x000000013ff32000 	C:\Program Files\MATLAB\R2012a\bin\win64\MATLAB.exe
0x0000000077b80000 - 0x0000000077d29000 	C:\Windows\SYSTEM32\ntdll.dll
0x0000000077a60000 - 0x0000000077b7f000 	C:\Windows\system32\kernel32.dll
0x000007fefe320000 - 0x000007fefe38c000 	C:\Windows\system32\KERNELBASE.dll
0x0000000074460000 - 0x0000000074554000 	C:\Program Files\MATLAB\R2012a\bin\win64\libut.dll
0x00000000758a0000 - 0x0000000075952000 	C:\Program Files\MATLAB\R2012a\bin\win64\libmwi18n.dll
0x0000000180000000 - 0x000000018000b000 	C:\Program Files\MATLAB\R2012a\bin\win64\libmwresource_core.dll
0x00000000751d0000 - 0x00000000752a3000 	C:\Windows\WinSxS\amd64_microsoft.vc90.crt_1fc8b3b9a1e18e3b_9.0.30729.4940_none_08e4299fa83d7e3c\MSVCP90.dll
0x00000000752b0000 - 0x000000007534d000 	C:\Windows\WinSxS\amd64_microsoft.vc90.crt_1fc8b3b9a1e18e3b_9.0.30729.4940_none_08e4299fa83d7e3c\MSVCR90.dll
0x000000007a170000 - 0x000000007a19c000 	C:\Program Files\MATLAB\R2012a\bin\win64\boost_filesystem-vc90-mt-1_44.dll
0x000000007a560000 - 0x000000007a569000 	C:\Program Files\MATLAB\R2012a\bin\win64\boost_system-vc90-mt-1_44.dll
0x000007feff260000 - 0x000007feff33b000 	C:\Windows\system32\ADVAPI32.dll
0x000007feffbd0000 - 0x000007feffc6f000 	C:\Windows\system32\msvcrt.dll
0x000007fefe410000 - 0x000007fefe42f000 	C:\Windows\SYSTEM32\sechost.dll
0x000007feffd60000 - 0x000007feffe8d000 	C:\Windows\system32\RPCRT4.dll
0x000000007a010000 - 0x000000007a035000 	C:\Program Files\MATLAB\R2012a\bin\win64\LIBEXPAT.dll
0x000000006f0b0000 - 0x000000006f2a1000 	C:\Program Files\MATLAB\R2012a\bin\win64\icuin44.dll
0x000000006ee10000 - 0x000000006ef81000 	C:\Program Files\MATLAB\R2012a\bin\win64\icuuc44.dll
0x0000000010000000 - 0x0000000010e41000 	C:\Program Files\MATLAB\R2012a\bin\win64\icudt44.dll
0x0000000073f70000 - 0x00000000740ad000 	C:\Program Files\MATLAB\R2012a\bin\win64\libmwfl.dll
0x00000000042f0000 - 0x00000000045e6000 	C:\Program Files\MATLAB\R2012a\bin\win64\libmwMATLAB_res.dll
0x000000007a3b0000 - 0x000000007a3c0000 	C:\Program Files\MATLAB\R2012a\bin\win64\boost_date_time-vc90-mt-1_44.dll
0x000000007a250000 - 0x000000007a263000 	C:\Program Files\MATLAB\R2012a\bin\win64\boost_signals-vc90-mt-1_44.dll
0x000000007a2d0000 - 0x000000007a2e2000 	C:\Program Files\MATLAB\R2012a\bin\win64\boost_thread-vc90-mt-1_44.dll
0x0000000004190000 - 0x00000000041d6000 	C:\Program Files\MATLAB\R2012a\bin\win64\tbb.dll
0x000007feff9f0000 - 0x000007feffa09000 	C:\Windows\system32\imagehlp.dll
0x0000000077d40000 - 0x0000000077d47000 	C:\Windows\system32\PSAPI.DLL
0x0000000071a50000 - 0x0000000071a63000 	C:\Program Files\MATLAB\R2012a\bin\win64\icuio44.dll
0x000007feecf60000 - 0x000007feed085000 	C:\Windows\system32\dbghelp.dll
0x0000000077750000 - 0x000000007784a000 	C:\Windows\system32\USER32.dll
0x000007feff980000 - 0x000007feff9e7000 	C:\Windows\system32\GDI32.dll
0x000007feff790000 - 0x000007feff79e000 	C:\Windows\system32\LPK.dll
0x000007feff340000 - 0x000007feff409000 	C:\Windows\system32\USP10.dll
0x000000007bed0000 - 0x000000007c183000 	C:\Program Files\MATLAB\R2012a\bin\win64\libmwservices.dll
0x0000000075a20000 - 0x0000000075ae2000 	C:\Program Files\MATLAB\R2012a\bin\win64\libmx.dll
0x000000007a210000 - 0x000000007a228000 	C:\Program Files\MATLAB\R2012a\bin\win64\zlib1.dll
0x0000000004630000 - 0x0000000004651000 	C:\Program Files\MATLAB\R2012a\bin\win64\libmwmfl_scalar.dll
0x0000000075f10000 - 0x0000000075f5d000 	C:\Program Files\MATLAB\R2012a\bin\win64\mpath.dll
0x000000007b680000 - 0x000000007bbe1000 	C:\Program Files\MATLAB\R2012a\bin\win64\mlutil.dll
0x000000006f030000 - 0x000000006f0af000 	C:\Program Files\MATLAB\R2012a\bin\win64\xmlcore.dll
0x000000007bc30000 - 0x000000007be83000 	C:\Program Files\MATLAB\R2012a\bin\win64\xerces-c_2_7.dll
0x000007feffc70000 - 0x000007feffcbd000 	C:\Windows\system32\WS2_32.dll
0x000007feff410000 - 0x000007feff418000 	C:\Windows\system32\NSI.dll
0x00000000046b0000 - 0x00000000046ca000 	C:\Program Files\MATLAB\R2012a\bin\win64\libmwMATLAB_settings_res.dll
0x00000000046e0000 - 0x0000000004727000 	C:\Program Files\MATLAB\R2012a\bin\win64\boost_serialization-vc90-mt-1_44.dll
0x000007fefe4d0000 - 0x000007feff258000 	C:\Windows\system32\SHELL32.dll
0x000007feff420000 - 0x000007feff491000 	C:\Windows\system32\SHLWAPI.dll
0x000007feecde0000 - 0x000007feece80000 	C:\Windows\WinSxS\amd64_microsoft.windows.common-controls_6595b64144ccf1df_5.82.7601.17514_none_a4d6a923711520a9\COMCTL32.dll
0x000007feffcc0000 - 0x000007feffd57000 	C:\Windows\system32\COMDLG32.dll
0x000007fefd420000 - 0x000007fefd436000 	C:\Windows\system32\NETAPI32.dll
0x000007fefd410000 - 0x000007fefd41c000 	C:\Windows\system32\netutils.dll
0x000007fefdb10000 - 0x000007fefdb33000 	C:\Windows\system32\srvcli.dll
0x000007fefd3f0000 - 0x000007fefd405000 	C:\Windows\system32\wkscli.dll
0x000007feff580000 - 0x000007feff783000 	C:\Windows\system32\ole32.dll
0x000007feff4a0000 - 0x000007feff577000 	C:\Windows\system32\OLEAUT32.dll
0x0000000074970000 - 0x0000000074b06000 	C:\Program Files\MATLAB\R2012a\bin\win64\mcr.dll
0x0000000004750000 - 0x0000000004abb000 	C:\Program Files\MATLAB\R2012a\bin\win64\iqm.dll
0x000000006dbe0000 - 0x000000006e401000 	C:\Program Files\MATLAB\R2012a\bin\win64\m_interpreter.dll
0x0000000071a20000 - 0x0000000071a45000 	C:\Program Files\MATLAB\R2012a\bin\win64\libmex.dll
0x000000006ed50000 - 0x000000006ee03000 	C:\Program Files\MATLAB\R2012a\bin\win64\m_dispatcher.dll
0x0000000074880000 - 0x000000007496d000 	C:\Program Files\MATLAB\R2012a\bin\win64\boost_regex-vc90-mt-1_44.dll
0x000000006ebb0000 - 0x000000006ec34000 	C:\Program Files\MATLAB\R2012a\bin\win64\profiler.dll
0x0000000004b20000 - 0x0000000004d75000 	C:\Program Files\MATLAB\R2012a\bin\win64\libmwmathutil.dll
0x0000000079f40000 - 0x0000000079f6d000 	C:\Program Files\MATLAB\R2012a\bin\win64\libmwmathrng.dll
0x0000000074c10000 - 0x0000000074ced000 	C:\Program Files\MATLAB\R2012a\bin\win64\libmwmathcore.dll
0x0000000076160000 - 0x00000000761cb000 	C:\Program Files\MATLAB\R2012a\bin\win64\libmwspmatrix.dll
0x0000000075ea0000 - 0x0000000075f02000 	C:\Program Files\MATLAB\R2012a\bin\win64\libmwcholmod.dll
0x000000007a460000 - 0x000000007a46d000 	C:\Program Files\MATLAB\R2012a\bin\win64\libmwamd.dll
0x000000007a4b0000 - 0x000000007a4bc000 	C:\Program Files\MATLAB\R2012a\bin\win64\libmwcolamd.dll
0x0000000071b60000 - 0x0000000071b79000 	C:\Program Files\MATLAB\R2012a\bin\win64\libmwblas.dll
0x000000006f010000 - 0x000000006f022000 	C:\Program Files\MATLAB\R2012a\bin\win64\libmwbinder.dll
0x0000000074680000 - 0x000000007468b000 	C:\Program Files\MATLAB\R2012a\bin\win64\libmwompwrapper.dll
0x000000006eb20000 - 0x000000006eba6000 	C:\Program Files\MATLAB\R2012a\bin\win64\libmwlapack.dll
0x00000000719f0000 - 0x0000000071a11000 	C:\Program Files\MATLAB\R2012a\bin\win64\m_pcodeio.dll
0x0000000079b10000 - 0x0000000079b77000 	C:\Program Files\MATLAB\R2012a\bin\win64\m_ir.dll
0x000000006e4d0000 - 0x000000006eb20000 	C:\Program Files\MATLAB\R2012a\bin\win64\m_parser.dll
0x000000006eff0000 - 0x000000006f00a000 	C:\Program Files\MATLAB\R2012a\bin\win64\ir_xfmr.dll
0x000000006d960000 - 0x000000006dbd9000 	C:\Program Files\MATLAB\R2012a\bin\win64\mcos.dll
0x0000000072690000 - 0x000000007269c000 	C:\Program Files\MATLAB\R2012a\bin\win64\mtok.dll
0x000000006e490000 - 0x000000006e4c1000 	C:\Program Files\MATLAB\R2012a\bin\win64\m_pcodegen.dll
0x0000000079fb0000 - 0x0000000079fe7000 	C:\Program Files\MATLAB\R2012a\bin\win64\libmwbridge.dll
0x000000006d890000 - 0x000000006d958000 	C:\Program Files\MATLAB\R2012a\bin\win64\udd.dll
0x000000006d730000 - 0x000000006d882000 	C:\Program Files\MATLAB\R2012a\bin\win64\libmwgui.dll
0x000000006efd0000 - 0x000000006efe7000 	C:\Program Files\MATLAB\R2012a\bin\win64\graphics_util.dll
0x000000006cd80000 - 0x000000006d723000 	C:\Program Files\MATLAB\R2012a\bin\win64\hg.dll
0x0000000004ef0000 - 0x0000000004f57000 	C:\Program Files\MATLAB\R2012a\bin\win64\libmat.dll
0x0000000072d30000 - 0x0000000072f44000 	C:\Program Files\MATLAB\R2012a\bin\win64\hdf5dll.dll
0x0000000075710000 - 0x00000000757c1000 	C:\Program Files\MATLAB\R2012a\bin\win64\jmi.dll
0x0000000004f90000 - 0x0000000004f9e000 	C:\Program Files\MATLAB\R2012a\bin\win64\nativejava_services.dll
0x000000006e440000 - 0x000000006e482000 	C:\Program Files\MATLAB\R2012a\bin\win64\libmwhardcopy.dll
0x000000006cd20000 - 0x000000006cd7a000 	C:\Program Files\MATLAB\R2012a\bin\win64\libuij.dll
0x000000006cb10000 - 0x000000006cd1c000 	C:\Program Files\MATLAB\R2012a\bin\win64\hgdatatypes.dll
0x000000006ca10000 - 0x000000006cb0d000 	C:\Program Files\MATLAB\R2012a\bin\win64\hgutils.dll
0x00000000681f0000 - 0x00000000682ad000 	C:\Program Files\MATLAB\R2012a\bin\win64\udd_mi.dll
0x0000000005000000 - 0x000000000503b000 	C:\Program Files\MATLAB\R2012a\bin\win64\libmwgbtutils.dll
0x0000000005050000 - 0x0000000005069000 	C:\Program Files\MATLAB\R2012a\bin\win64\libmwgbt.dll
0x0000000005080000 - 0x000000000534a000 	C:\Program Files\MATLAB\R2012a\bin\win64\uiw.dll
0x000000006ed40000 - 0x000000006ed4f000 	C:\Program Files\MATLAB\R2012a\bin\win64\uinone.dll
0x000007fef8b70000 - 0x000007fef8b88000 	C:\Windows\system32\MPR.dll
0x0000000066dd0000 - 0x00000000672b4000 	C:\Windows\WinSxS\amd64_microsoft.vc90.mfc_1fc8b3b9a1e18e3b_9.0.30729.4148_none_04480933ab2137b1\mfc90.dll
0x000007fefa5b0000 - 0x000007fefa5b7000 	C:\Windows\system32\MSIMG32.dll
0x000007fef89e0000 - 0x000007fef8a51000 	C:\Windows\system32\WINSPOOL.DRV
0x000000006ed20000 - 0x000000006ed40000 	C:\Program Files\MATLAB\R2012a\bin\win64\mwoles05.DLL
0x00000000682f0000 - 0x000000006836c000 	C:\Program Files\MATLAB\R2012a\bin\win64\comcli.dll
0x00000000751a0000 - 0x00000000751cf000 	C:\Windows\WinSxS\amd64_microsoft.vc90.atl_1fc8b3b9a1e18e3b_9.0.30729.4148_none_0a1d2fcba76b3f00\ATL90.DLL
0x000000006e430000 - 0x000000006e43c000 	C:\Program Files\MATLAB\R2012a\bin\win64\mlautoregister.dll
0x00000000053a0000 - 0x00000000053b0000 	C:\Program Files\MATLAB\R2012a\bin\win64\boost_iostreams-vc90-mt-1_44.dll
0x000007feffa10000 - 0x000007feffa3e000 	C:\Windows\system32\IMM32.DLL
0x000007feffac0000 - 0x000007feffbc9000 	C:\Windows\system32\MSCTF.dll
0x00000000054e0000 - 0x00000000054ea000 	C:\Windows\KATRK64.DLL
0x000007fefd030000 - 0x000007fefd041000 	C:\Windows\system32\WTSAPI32.dll
0x000007fefc860000 - 0x000007fefc8b6000 	C:\Windows\system32\UxTheme.dll
0x000007fefbd60000 - 0x000007fefbd78000 	C:\Windows\system32\dwmapi.dll
0x000000006e420000 - 0x000000006e42d000 	C:\Windows\WinSxS\amd64_microsoft.vc90.mfcloc_1fc8b3b9a1e18e3b_9.0.30729.4148_none_01c6b44660ce74c3\MFC90ENU.DLL
0x0000000005510000 - 0x0000000005539000 	C:\Program Files\MATLAB\R2012a\bin\win64\tbbmalloc.dll
0x000007fefdfe0000 - 0x000007fefdfef000 	C:\Windows\system32\profapi.dll
0x000007fefba40000 - 0x000007fefba4f000 	C:\Program Files\MATLAB\R2012a\bin\win64\xmlxrcsc.dll
0x000007fefded0000 - 0x000007fefdedf000 	C:\Windows\system32\CRYPTBASE.dll
0x000007fefca40000 - 0x000007fefcc34000 	C:\Windows\WinSxS\amd64_microsoft.windows.common-controls_6595b64144ccf1df_6.0.7601.17514_none_fa396087175ac9ac\comctl32.dll
0x000007feff7a0000 - 0x000007feff977000 	C:\Windows\system32\SETUPAPI.dll
0x000007fefe240000 - 0x000007fefe276000 	C:\Windows\system32\CFGMGR32.dll
0x000007fefe390000 - 0x000007fefe3aa000 	C:\Windows\system32\DEVOBJ.dll
0x000007fefe430000 - 0x000007fefe4c9000 	C:\Windows\system32\CLBCatQ.DLL
0x000007fefc8c0000 - 0x000007fefc9ec000 	C:\Windows\system32\propsys.dll
0x000007fefc340000 - 0x000007fefc36d000 	C:\Windows\system32\ntmarta.dll
0x000007fefe3b0000 - 0x000007fefe402000 	C:\Windows\system32\WLDAP32.dll
0x0000000078870000 - 0x0000000078ecd000 	C:\Program Files\MATLAB\R2012a\sys\java\jre\win64\jre\bin\server\jvm.dll
0x000007fefaaa0000 - 0x000007fefaadb000 	C:\Windows\system32\WINMM.dll

VM Arguments:
jvm_args: -Xss512k -XX:PermSize=32m -Xms64m -XX:NewRatio=3 -XX:MaxPermSize=128m -Xmx196m -XX:MaxDirectMemorySize=2147400000 -Dsun.java2d.noddraw=true -Dsun.awt.nopixfmt=true -Xshare:off -Xrs -Dsun.awt.disableMixing=true -Djava.library.path=C:\Program Files\MATLAB\R2012a\bin\win64 vfprintf abort 
java_command: <unknown>
Launcher Type: generic

Environment Variables:
PATH=C:\Program Files\Common Files\Microsoft Shared\Windows Live;C:\Program Files (x86)\Common Files\Microsoft Shared\Windows Live;C:\Windows\system32;C:\Windows;C:\Windows\System32\Wbem;C:\Windows\System32\WindowsPowerShell\v1.0\;c:\Program Files (x86)\ATI Technologies\ATI.ACE\Core-Static;C:\Program Files (x86)\Intel\Services\IPT\;C:\Program Files (x86)\NTRU Cryptosystems\NTRU TCG Software Stack\bin\;C:\Program Files\NTRU Cryptosystems\NTRU TCG Software Stack\bin\;C:\Program Files\Dell\Dell Data Protection\Access\Advanced\Wave\Gemalto\Access Client\v5\;C:\Program Files (x86)\Windows Live\Shared;C:\Program Files (x86)\Common Files\Roxio Shared\DLLShared\;C:\Program Files (x86)\Common Files\Roxio Shared\OEM\DLLShared\;C:\Program Files (x86)\Common Files\Roxio Shared\OEM\DLLShared\;C:\Program Files (x86)\Common Files\Roxio Shared\OEM\12.0\DLLShared\;C:\Program Files (x86)\Roxio\OEM\AudioCore\;C:\Program Files\MATLAB\R2012a\runtime\win64;C:\Program Files\MATLAB\R2012a\bin;c:\Program Files (x86)\Microsoft SQL Server\100\Tools\Binn\;c:\Program Files\Microsoft SQL Server\100\Tools\Binn\;c:\Program Files\Microsoft SQL Server\100\DTS\Binn\
USERNAME=OMNICAdmin
OS=Windows_NT
PROCESSOR_IDENTIFIER=Intel64 Family 6 Model 42 Stepping 7, GenuineIntel



---------------  S Y S T E M  ---------------

OS: Windows 7 Build 7601 Service Pack 1

CPU:total 4 (8 cores per cpu, 2 threads per core) family 6 model 42 stepping 7, cmov, cx8, fxsr, mmx, sse, sse2, sse3, ssse3, sse4.1, sse4.2, ht

Memory: 4k page, physical 8344472k(5945052k free), swap 16687092k(13941964k free)

vm_info: Java HotSpot(TM) 64-Bit Server VM (14.3-b01) for windows-amd64 JRE (1.6.0_17-b04), built on Oct 11 2009 00:46:08 by "java_re" with MS VC++ 8.0

time: Fri Jun 22 10:26:17 2012
elapsed time: 992 seconds

